   1                             		.file	"hardware_setup.c"
   2                             		.section P,"ax"
   3                             	.Ltext0:
   4                             		.global	_HardwareSetup
   6                             	_HardwareSetup:
   7                             	.LFB0:
   8                             		.file 1 "../src/hardware_setup.c"
   1:../src/hardware_setup.c **** /***************************************************************/
   2:../src/hardware_setup.c **** /*                                                             */
   3:../src/hardware_setup.c **** /*      PROJECT NAME :  rxserial_test                          */
   4:../src/hardware_setup.c **** /*      FILE         :  hardware_setup.c                       */
   5:../src/hardware_setup.c **** /*      DESCRIPTION  :  Hardware Initialization                */
   6:../src/hardware_setup.c **** /*      CPU SERIES   :  RX600                                  */
   7:../src/hardware_setup.c **** /*      CPU TYPE     :  RX621                                  */
   8:../src/hardware_setup.c **** /*                                                             */
   9:../src/hardware_setup.c **** /*      This file is generated by e2 studio.                   */
  10:../src/hardware_setup.c **** /*                                                             */
  11:../src/hardware_setup.c **** /***************************************************************/                                
  12:../src/hardware_setup.c ****                                                                            
  13:../src/hardware_setup.c ****                                                                            
  14:../src/hardware_setup.c **** /************************************************************************/
  15:../src/hardware_setup.c **** /*    File Version: V1.00                                               */
  16:../src/hardware_setup.c **** /*    Date Generated: 08/07/2013                                        */
  17:../src/hardware_setup.c **** /************************************************************************/
  18:../src/hardware_setup.c **** 
  19:../src/hardware_setup.c **** #include "iodefine.h"
  20:../src/hardware_setup.c **** #include "rxserial.h"
  21:../src/hardware_setup.c **** 
  22:../src/hardware_setup.c **** #ifdef __cplusplus
  23:../src/hardware_setup.c **** extern "C" {
  24:../src/hardware_setup.c **** #endif
  25:../src/hardware_setup.c **** extern void HardwareSetup(void);
  26:../src/hardware_setup.c **** #ifdef __cplusplus
  27:../src/hardware_setup.c **** }
  28:../src/hardware_setup.c **** #endif
  29:../src/hardware_setup.c **** 
  30:../src/hardware_setup.c **** void HardwareSetup(void)
  31:../src/hardware_setup.c **** {
   9                             		.loc 1 31 0
  10 0000 6E 6B                   		pushm	r6-r11
  11                             	.LCFI0:
  12 0002 71 06 FC                		add	#-4, r0, r6
  13                             	.LCFI1:
  14 0005 EF 60                   		mov.L	r6, r0
  15                             	.LCFI2:
  32:../src/hardware_setup.c **** 	volatile i;
  33:../src/hardware_setup.c **** 
  34:../src/hardware_setup.c **** 	//IOPORTD
  35:../src/hardware_setup.c **** 	PORTD.DDR.BIT.B0 = 1;
  16                             		.loc 1 35 0
  17 0007 FB AE 0D C0 08          		mov.L	#0x8c00d, r10
  18 000c CC AB                   		mov.B	[r10], r11
  19 000e 65 1B                   		or	#1, r11
  20 0010 C3 AB                   		mov.B	r11, [r10]
  36:../src/hardware_setup.c **** 	PORTD.DDR.BIT.B1 = 1;
  21                             		.loc 1 36 0
  22 0012 FB AE 0D C0 08          		mov.L	#0x8c00d, r10
  23 0017 CC AB                   		mov.B	[r10], r11
  24 0019 65 2B                   		or	#2, r11
  25 001b C3 AB                   		mov.B	r11, [r10]
  37:../src/hardware_setup.c **** 
  38:../src/hardware_setup.c **** 	init_serial();
  26                             		.loc 1 38 0
  27 001d 05 00 00 00             		bsr	_init_serial
  39:../src/hardware_setup.c **** 	init_iic_master();
  28                             		.loc 1 39 0
  29 0021 05 00 00 00             		bsr	_init_iic_master
  40:../src/hardware_setup.c **** 
  41:../src/hardware_setup.c **** 
  42:../src/hardware_setup.c **** }
  30                             		.loc 1 42 0
  31 0025 3F 6B 07                		rtsd	#28, r6-r11
  32                             	.LFE0:
  85                             	.Letext0:
  86                             		.file 2 "../src/iodefine.h"
